2020/12/01 21:27:52.726ms EST
Operating System Linux 5.9.11-200.fc33.x86_64 Fedora 33 amd64
Java Version 1.8.0_202, 64-bit, Oracle Corporation
Available Cores 8
-Xmx1024m
-Dsun.java2d.pmoffscreen=false
-Dsun.java2d.xrender=false
-Dqoppa.debug=true
-Dqoppa.debug.sane=false
-Dqoppa.debug.morena7=false
-Dmorena.debug=false
-XX:+UseConcMarkSweepGC
-XX:+ExplicitGCInvokesConcurrent
-Xmx1024m
-Dqoppa.debug=true
-Dqoppa.debug.sane=false
-Dqoppa.debug.morena7=false
-Dmorena.debug=false
PDF Studio Version 2019.2.0.20191111145351-b162
PDF Studio initialize: 67 ms
Load settings: 533 ms
Resolution: 1712x963
Screen DPI: 95
Multiplier: 1.0
Installation Directory: /mnt/PCData/PCHome/Applications/pdfstudio2019
Working Directory: /home/pc
User Settings Directory: /home/pc/.pdfstudio2019
Installer: linux64
LookAndFeel: Nimbus
Toolbars: Ribbons
Keep Alive: false
Locale: English (United States)
Print dialog: PDF Studio
Demo Mode - Start Date Thu Sep 19 09:38:34 EDT 2019
Create initial frame: 1,025 ms
java.lang.ClassCastException: com.qoppa.pdf.t.n cannot be cast to com.qoppa.pdf.t.y
	at com.qoppa.pdf.d.b.z.<init>(Unknown Source)
	at com.qoppa.pdf.c.b.zc.ubb(Unknown Source)
	at com.qoppa.pdf.c.b.jb.oab(Unknown Source)
	at com.qoppa.pdf.c.b.zc.oab(Unknown Source)
	at com.qoppa.pdf.c.b.mb.my(Unknown Source)
	at com.qoppa.pdf.c.b.mb.rab(Unknown Source)
	at com.qoppa.pdf.c.b.mb.kab(Unknown Source)
	at com.qoppa.jb.j.v.n(Unknown Source)
	at com.qoppa.jb.j.v.v(Unknown Source)
	at com.qoppa.jb.j.v.lb(Unknown Source)
	at com.qoppa.jb.j.v.getAnnotations(Unknown Source)
	at com.qoppa.cb.h.getAnnotations(Unknown Source)
	at com.qoppa.pdf.n.yb.jl(Unknown Source)
	at com.qoppa.pdf.n.yb.paintComponent(Unknown Source)
	at javax.swing.JComponent.paint(JComponent.java:1056)
	at com.qoppa.pdf.n.kb.paint(Unknown Source)
	at com.qoppa.k.h.b.paint(Unknown Source)
	at javax.swing.JComponent.paintChildren(JComponent.java:889)
	at javax.swing.JComponent.paint(JComponent.java:1065)
	at com.qoppa.pdf.n.bb.paint(Unknown Source)
	at javax.swing.JComponent.paintChildren(JComponent.java:889)
	at javax.swing.JComponent.paint(JComponent.java:1065)
	at javax.swing.JLayeredPane.paint(JLayeredPane.java:586)
	at javax.swing.JComponent.paintChildren(JComponent.java:889)
	at javax.swing.JComponent.paint(JComponent.java:1065)
	at javax.swing.JComponent.paintChildren(JComponent.java:889)
	at javax.swing.JComponent.paint(JComponent.java:1065)
	at javax.swing.JViewport.paint(JViewport.java:728)
	at javax.swing.JComponent.paintChildren(JComponent.java:889)
	at javax.swing.JComponent.paint(JComponent.java:1065)
	at javax.swing.JComponent.paintChildren(JComponent.java:889)
	at javax.swing.JComponent.paint(JComponent.java:1065)
	at javax.swing.JComponent.paintChildren(JComponent.java:889)
	at javax.swing.JSplitPane.paintChildren(JSplitPane.java:1047)
	at javax.swing.JComponent.paint(JComponent.java:1065)
	at javax.swing.JComponent.paintChildren(JComponent.java:889)
	at javax.swing.JSplitPane.paintChildren(JSplitPane.java:1047)
	at javax.swing.JComponent.paint(JComponent.java:1065)
	at javax.swing.JComponent.paintChildren(JComponent.java:889)
	at javax.swing.JComponent.paint(JComponent.java:1065)
	at javax.swing.JComponent.paintChildren(JComponent.java:889)
	at javax.swing.JComponent.paint(JComponent.java:1065)
	at javax.swing.JLayeredPane.paint(JLayeredPane.java:586)
	at javax.swing.JComponent.paintChildren(JComponent.java:889)
	at javax.swing.JComponent.paint(JComponent.java:1065)
	at javax.swing.JComponent.paintChildren(JComponent.java:889)
	at javax.swing.JComponent.paint(JComponent.java:1065)
	at javax.swing.JComponent.paintChildren(JComponent.java:889)
	at javax.swing.JSplitPane.paintChildren(JSplitPane.java:1047)
	at javax.swing.JComponent.paint(JComponent.java:1065)
	at javax.swing.JComponent.paintChildren(JComponent.java:889)
	at javax.swing.JComponent.paint(JComponent.java:1065)
	at javax.swing.JComponent.paintChildren(JComponent.java:889)
	at javax.swing.JComponent.paint(JComponent.java:1065)
	at javax.swing.JComponent.paintChildren(JComponent.java:889)
	at javax.swing.JComponent.paint(JComponent.java:1065)
	at javax.swing.JComponent.paintChildren(JComponent.java:889)
	at javax.swing.JComponent.paint(JComponent.java:1065)
	at javax.swing.JLayeredPane.paint(JLayeredPane.java:586)
	at javax.swing.JComponent.paintChildren(JComponent.java:889)
	at javax.swing.JComponent.paint(JComponent.java:1065)
	at javax.swing.JComponent.paintToOffscreen(JComponent.java:5210)
	at javax.swing.BufferStrategyPaintManager.paint(BufferStrategyPaintManager.java:290)
	at javax.swing.RepaintManager.paint(RepaintManager.java:1272)
	at javax.swing.JComponent._paintImmediately(JComponent.java:5158)
	at javax.swing.JComponent.paintImmediately(JComponent.java:4969)
	at javax.swing.RepaintManager$4.run(RepaintManager.java:831)
	at javax.swing.RepaintManager$4.run(RepaintManager.java:814)
	at java.security.AccessController.doPrivileged(Native Method)
	at java.security.ProtectionDomain$JavaSecurityAccessImpl.doIntersectionPrivilege(ProtectionDomain.java:74)
	at javax.swing.RepaintManager.paintDirtyRegions(RepaintManager.java:814)
	at javax.swing.RepaintManager.paintDirtyRegions(RepaintManager.java:789)
	at javax.swing.RepaintManager.prePaintDirtyRegions(RepaintManager.java:738)
	at javax.swing.RepaintManager.access$1200(RepaintManager.java:64)
	at javax.swing.RepaintManager$ProcessingRunnable.run(RepaintManager.java:1732)
	at java.awt.event.InvocationEvent.dispatch(InvocationEvent.java:311)
	at java.awt.EventQueue.dispatchEventImpl(EventQueue.java:758)
	at java.awt.EventQueue.access$500(EventQueue.java:97)
	at java.awt.EventQueue$3.run(EventQueue.java:709)
	at java.awt.EventQueue$3.run(EventQueue.java:703)
	at java.security.AccessController.doPrivileged(Native Method)
	at java.security.ProtectionDomain$JavaSecurityAccessImpl.doIntersectionPrivilege(ProtectionDomain.java:74)
	at java.awt.EventQueue.dispatchEvent(EventQueue.java:728)
	at java.awt.EventDispatchThread.pumpOneEventForFilters(EventDispatchThread.java:205)
	at java.awt.EventDispatchThread.pumpEventsForFilter(EventDispatchThread.java:116)
	at java.awt.EventDispatchThread.pumpEventsForFilter(EventDispatchThread.java:109)
	at java.awt.WaitDispatchSupport$2.run(WaitDispatchSupport.java:190)
	at java.awt.WaitDispatchSupport$4.run(WaitDispatchSupport.java:235)
	at java.awt.WaitDispatchSupport$4.run(WaitDispatchSupport.java:233)
	at java.security.AccessController.doPrivileged(Native Method)
	at java.awt.WaitDispatchSupport.enter(WaitDispatchSupport.java:233)
	at java.awt.Dialog.show(Dialog.java:1084)
	at java.awt.Component.show(Component.java:1671)
	at java.awt.Component.setVisible(Component.java:1623)
	at java.awt.Window.setVisible(Window.java:1014)
	at java.awt.Dialog.setVisible(Dialog.java:1005)
	at com.qoppa.pdfStudio.gui.zd.kzf(Unknown Source)
	at com.qoppa.pdfStudio.gui.ui$7.windowOpened(Unknown Source)
	at java.awt.AWTEventMulticaster.windowOpened(AWTEventMulticaster.java:340)
	at java.awt.Window.processWindowEvent(Window.java:2051)
	at javax.swing.JFrame.processWindowEvent(JFrame.java:305)
	at java.awt.Window.processEvent(Window.java:2013)
	at java.awt.Component.dispatchEventImpl(Component.java:4889)
	at java.awt.Container.dispatchEventImpl(Container.java:2297)
	at java.awt.Window.dispatchEventImpl(Window.java:2746)
	at java.awt.Component.dispatchEvent(Component.java:4711)
	at java.awt.EventQueue.dispatchEventImpl(EventQueue.java:760)
	at java.awt.EventQueue.access$500(EventQueue.java:97)
	at java.awt.EventQueue$3.run(EventQueue.java:709)
	at java.awt.EventQueue$3.run(EventQueue.java:703)
	at java.security.AccessController.doPrivileged(Native Method)
	at java.security.ProtectionDomain$JavaSecurityAccessImpl.doIntersectionPrivilege(ProtectionDomain.java:74)
	at java.security.ProtectionDomain$JavaSecurityAccessImpl.doIntersectionPrivilege(ProtectionDomain.java:84)
	at java.awt.EventQueue$4.run(EventQueue.java:733)
	at java.awt.EventQueue$4.run(EventQueue.java:731)
	at java.security.AccessController.doPrivileged(Native Method)
	at java.security.ProtectionDomain$JavaSecurityAccessImpl.doIntersectionPrivilege(ProtectionDomain.java:74)
	at java.awt.EventQueue.dispatchEvent(EventQueue.java:730)
	at java.awt.EventDispatchThread.pumpOneEventForFilters(EventDispatchThread.java:205)
	at java.awt.EventDispatchThread.pumpEventsForFilter(EventDispatchThread.java:116)
	at java.awt.EventDispatchThread.pumpEventsForHierarchy(EventDispatchThread.java:105)
	at java.awt.EventDispatchThread.pumpEvents(EventDispatchThread.java:101)
	at java.awt.EventDispatchThread.pumpEvents(EventDispatchThread.java:93)
	at java.awt.EventDispatchThread.run(EventDispatchThread.java:82)
Exception in thread "CommentsLoader" java.lang.ClassCastException: com.qoppa.pdf.t.n cannot be cast to com.qoppa.pdf.t.y
	at com.qoppa.pdf.d.b.z.<init>(Unknown Source)
	at com.qoppa.pdf.c.b.zc.ubb(Unknown Source)
	at com.qoppa.pdf.c.b.jb.oab(Unknown Source)
	at com.qoppa.pdf.c.b.zc.oab(Unknown Source)
	at com.qoppa.pdf.c.b.mb.my(Unknown Source)
	at com.qoppa.pdf.c.b.mb.rab(Unknown Source)
	at com.qoppa.pdf.c.b.mb.kab(Unknown Source)
	at com.qoppa.jb.j.v.n(Unknown Source)
	at com.qoppa.jb.j.v.v(Unknown Source)
	at com.qoppa.jb.j.v.lb(Unknown Source)
	at com.qoppa.jb.j.v.getAnnotations(Unknown Source)
	at com.qoppa.cb.h.getAnnotations(Unknown Source)
	at com.qoppa.jb.g.b.l.m(Unknown Source)
	at com.qoppa.jb.g.b.bb.jne(Unknown Source)
	at com.qoppa.pdf.n.o.d(Unknown Source)
	at com.qoppa.pdf.n.o.b(Unknown Source)
	at com.qoppa.pdf.n.o$1.run(Unknown Source)
Exception in thread "thumbnails-1-thread-1" java.lang.ClassCastException: com.qoppa.pdf.t.n cannot be cast to com.qoppa.pdf.t.y
	at com.qoppa.pdf.d.b.z.<init>(Unknown Source)
	at com.qoppa.pdf.c.b.zc.ubb(Unknown Source)
	at com.qoppa.pdf.c.b.jb.oab(Unknown Source)
	at com.qoppa.pdf.c.b.zc.oab(Unknown Source)
	at com.qoppa.pdf.c.b.mb.my(Unknown Source)
	at com.qoppa.pdf.c.b.mb.rab(Unknown Source)
	at com.qoppa.pdf.c.b.mb.kab(Unknown Source)
	at com.qoppa.jb.j.v.n(Unknown Source)
	at com.qoppa.jb.j.v.v(Unknown Source)
	at com.qoppa.jb.j.v.lb(Unknown Source)
	at com.qoppa.jb.j.v.getAnnotations(Unknown Source)
	at com.qoppa.cb.h.getAnnotations(Unknown Source)
	at com.qoppa.jb.j.v.d(Unknown Source)
	at com.qoppa.jb.j.v.getImage(Unknown Source)
	at com.qoppa.cb.h.getImage(Unknown Source)
	at com.qoppa.jb.g.b.m.m(Unknown Source)
	at com.qoppa.jb.g.b.m.q(Unknown Source)
	at com.qoppa.jb.g.b.m$1.run(Unknown Source)
	at java.util.concurrent.ThreadPoolExecutor.runWorker(ThreadPoolExecutor.java:1149)
	at java.util.concurrent.ThreadPoolExecutor$Worker.run(ThreadPoolExecutor.java:624)
	at java.lang.Thread.run(Thread.java:748)
Professional Version
Total startup: 8,106 ms
PDFException:  msg = 'LFI - bad index (-1) for local font read.'
com.qoppa.pdf.PDFException: LFI - bad index (-1) for local font read.
	at com.qoppa.pdf.h.b.d.ic(Unknown Source)
	at com.qoppa.pdf.h.b.i.d(Unknown Source)
	at com.qoppa.pdf.h.b.i.g(Unknown Source)
	at com.qoppa.pdfStudio.gui.xg.b(Unknown Source)
	at com.qoppa.pdfStudio.gui.xg$1.run(Unknown Source)
	at java.lang.Thread.run(Thread.java:748)
Error opening font file:  /home/pc/.fonts/cambria.ttf
Could not determine font type:  [-1] /usr/share/fonts/google-noto-emoji/NotoColorEmoji.ttf
Exception in thread "AWT-EventQueue-0" java.lang.ClassCastException: com.qoppa.pdf.t.n cannot be cast to com.qoppa.pdf.t.y
	at com.qoppa.pdf.d.b.z.<init>(Unknown Source)
	at com.qoppa.pdf.c.b.zc.ubb(Unknown Source)
	at com.qoppa.pdf.c.b.jb.oab(Unknown Source)
	at com.qoppa.pdf.c.b.zc.oab(Unknown Source)
	at com.qoppa.pdf.c.b.mb.my(Unknown Source)
	at com.qoppa.pdf.c.b.mb.rab(Unknown Source)
	at com.qoppa.pdf.c.b.mb.kab(Unknown Source)
	at com.qoppa.jb.j.v.n(Unknown Source)
	at com.qoppa.jb.j.v.v(Unknown Source)
	at com.qoppa.jb.j.v.lb(Unknown Source)
	at com.qoppa.jb.j.v.getAnnotations(Unknown Source)
	at com.qoppa.cb.h.getAnnotations(Unknown Source)
	at com.qoppa.cb.h.xc(Unknown Source)
	at com.qoppa.cb.h.fb(Unknown Source)
	at com.qoppa.k.b.eld(Unknown Source)
	at com.qoppa.k.b.x.c(Unknown Source)
	at com.qoppa.k.f.d.p(Unknown Source)
	at com.qoppa.k.j.m.yq(Unknown Source)
	at com.qoppa.k.j.m.mouseReleased(Unknown Source)
	at com.qoppa.pdf.n.ob.mouseReleased(Unknown Source)
	at java.awt.Component.processMouseEvent(Component.java:6539)
	at javax.swing.JComponent.processMouseEvent(JComponent.java:3324)
	at java.awt.Component.processEvent(Component.java:6304)
	at java.awt.Container.processEvent(Container.java:2239)
	at java.awt.Component.dispatchEventImpl(Component.java:4889)
	at java.awt.Container.dispatchEventImpl(Container.java:2297)
	at java.awt.Component.dispatchEvent(Component.java:4711)
	at java.awt.LightweightDispatcher.retargetMouseEvent(Container.java:4904)
	at java.awt.LightweightDispatcher.processMouseEvent(Container.java:4535)
	at java.awt.LightweightDispatcher.dispatchEvent(Container.java:4476)
	at java.awt.Container.dispatchEventImpl(Container.java:2283)
	at java.awt.Window.dispatchEventImpl(Window.java:2746)
	at java.awt.Component.dispatchEvent(Component.java:4711)
	at java.awt.EventQueue.dispatchEventImpl(EventQueue.java:760)
	at java.awt.EventQueue.access$500(EventQueue.java:97)
	at java.awt.EventQueue$3.run(EventQueue.java:709)
	at java.awt.EventQueue$3.run(EventQueue.java:703)
	at java.security.AccessController.doPrivileged(Native Method)
	at java.security.ProtectionDomain$JavaSecurityAccessImpl.doIntersectionPrivilege(ProtectionDomain.java:74)
	at java.security.ProtectionDomain$JavaSecurityAccessImpl.doIntersectionPrivilege(ProtectionDomain.java:84)
	at java.awt.EventQueue$4.run(EventQueue.java:733)
	at java.awt.EventQueue$4.run(EventQueue.java:731)
	at java.security.AccessController.doPrivileged(Native Method)
	at java.security.ProtectionDomain$JavaSecurityAccessImpl.doIntersectionPrivilege(ProtectionDomain.java:74)
	at java.awt.EventQueue.dispatchEvent(EventQueue.java:730)
	at java.awt.EventDispatchThread.pumpOneEventForFilters(EventDispatchThread.java:205)
	at java.awt.EventDispatchThread.pumpEventsForFilter(EventDispatchThread.java:116)
	at java.awt.EventDispatchThread.pumpEventsForHierarchy(EventDispatchThread.java:105)
	at java.awt.EventDispatchThread.pumpEvents(EventDispatchThread.java:101)
	at java.awt.EventDispatchThread.pumpEvents(EventDispatchThread.java:93)
	at java.awt.EventDispatchThread.run(EventDispatchThread.java:82)
Exception in thread "AWT-EventQueue-0" java.lang.ClassCastException: com.qoppa.pdf.t.n cannot be cast to com.qoppa.pdf.t.y
	at com.qoppa.pdf.d.b.z.<init>(Unknown Source)
	at com.qoppa.pdf.c.b.zc.ubb(Unknown Source)
	at com.qoppa.pdf.c.b.jb.oab(Unknown Source)
	at com.qoppa.pdf.c.b.zc.oab(Unknown Source)
	at com.qoppa.pdf.c.b.mb.my(Unknown Source)
	at com.qoppa.pdf.c.b.mb.rab(Unknown Source)
	at com.qoppa.pdf.c.b.mb.kab(Unknown Source)
	at com.qoppa.jb.j.v.n(Unknown Source)
	at com.qoppa.jb.j.v.v(Unknown Source)
	at com.qoppa.jb.j.v.lb(Unknown Source)
	at com.qoppa.jb.j.v.getAnnotations(Unknown Source)
	at com.qoppa.cb.h.getAnnotations(Unknown Source)
	at com.qoppa.cb.h.xc(Unknown Source)
	at com.qoppa.cb.h.fb(Unknown Source)
	at com.qoppa.k.b.eld(Unknown Source)
	at com.qoppa.k.b.x.c(Unknown Source)
	at com.qoppa.k.f.d.p(Unknown Source)
	at com.qoppa.k.j.m.yq(Unknown Source)
	at com.qoppa.k.j.m.mouseReleased(Unknown Source)
	at com.qoppa.pdf.n.ob.mouseReleased(Unknown Source)
	at java.awt.Component.processMouseEvent(Component.java:6539)
	at javax.swing.JComponent.processMouseEvent(JComponent.java:3324)
	at java.awt.Component.processEvent(Component.java:6304)
	at java.awt.Container.processEvent(Container.java:2239)
	at java.awt.Component.dispatchEventImpl(Component.java:4889)
	at java.awt.Container.dispatchEventImpl(Container.java:2297)
	at java.awt.Component.dispatchEvent(Component.java:4711)
	at java.awt.LightweightDispatcher.retargetMouseEvent(Container.java:4904)
	at java.awt.LightweightDispatcher.processMouseEvent(Container.java:4535)
	at java.awt.LightweightDispatcher.dispatchEvent(Container.java:4476)
	at java.awt.Container.dispatchEventImpl(Container.java:2283)
	at java.awt.Window.dispatchEventImpl(Window.java:2746)
	at java.awt.Component.dispatchEvent(Component.java:4711)
	at java.awt.EventQueue.dispatchEventImpl(EventQueue.java:760)
	at java.awt.EventQueue.access$500(EventQueue.java:97)
	at java.awt.EventQueue$3.run(EventQueue.java:709)
	at java.awt.EventQueue$3.run(EventQueue.java:703)
	at java.security.AccessController.doPrivileged(Native Method)
	at java.security.ProtectionDomain$JavaSecurityAccessImpl.doIntersectionPrivilege(ProtectionDomain.java:74)
	at java.security.ProtectionDomain$JavaSecurityAccessImpl.doIntersectionPrivilege(ProtectionDomain.java:84)
	at java.awt.EventQueue$4.run(EventQueue.java:733)
	at java.awt.EventQueue$4.run(EventQueue.java:731)
	at java.security.AccessController.doPrivileged(Native Method)
	at java.security.ProtectionDomain$JavaSecurityAccessImpl.doIntersectionPrivilege(ProtectionDomain.java:74)
	at java.awt.EventQueue.dispatchEvent(EventQueue.java:730)
	at java.awt.EventDispatchThread.pumpOneEventForFilters(EventDispatchThread.java:205)
	at java.awt.EventDispatchThread.pumpEventsForFilter(EventDispatchThread.java:116)
	at java.awt.EventDispatchThread.pumpEventsForHierarchy(EventDispatchThread.java:105)
	at java.awt.EventDispatchThread.pumpEvents(EventDispatchThread.java:101)
	at java.awt.EventDispatchThread.pumpEvents(EventDispatchThread.java:93)
	at java.awt.EventDispatchThread.run(EventDispatchThread.java:82)
